<?xml version="1.0" encoding="UTF-8"?>
<!-- Generated by org.testng.reporters.JUnitReportReporter -->
<testsuite hostname="LAPTOP-V6LRI7RE" failures="0" tests="9" name="NativeApps.ApiDemo" time="23.194" errors="0" timestamp="2024-04-03T12:14:10 IST" skipped="8">
  <testcase classname="NativeApps.ApiDemo" name="message" time="23.194"/>
  <system-out/>
  <testcase classname="NativeApps.ApiDemo" name="notification">
    <skipped/>
  </testcase> <!-- notification -->
  <system-out/>
  <testcase classname="NativeApps.ApiDemo" name="longPress">
    <skipped/>
  </testcase> <!-- longPress -->
  <system-out/>
  <testcase classname="NativeApps.ApiDemo" name="swipe">
    <skipped/>
  </testcase> <!-- swipe -->
  <system-out/>
  <testcase classname="NativeApps.ApiDemo" name="abc">
    <skipped/>
  </testcase> <!-- abc -->
  <system-out/>
  <testcase classname="NativeApps.ApiDemo" name="Preference">
    <skipped/>
  </testcase> <!-- Preference -->
  <system-out/>
  <testcase classname="NativeApps.ApiDemo" name="drag_drop">
    <skipped/>
  </testcase> <!-- drag_drop -->
  <system-out/>
  <testcase classname="NativeApps.ApiDemo" name="Recentapp">
    <skipped/>
  </testcase> <!-- Recentapp -->
  <system-out/>
  <testcase classname="NativeApps.ApiDemo" name="views">
    <skipped/>
  </testcase> <!-- views -->
  <system-out/>
</testsuite> <!-- NativeApps.ApiDemo -->
